This file contains any messages produced by compilers while
running configure, to aid debugging if configure makes a mistake.

It was created by mysar configure 2.1.4, which was
generated by GNU Autoconf 2.61.  Invocation command line was

  $ ./configure --prefix=/usr --sysconfdir=/etc

## --------- ##
## Platform. ##
## --------- ##

hostname = gw-cliente-novo
uname -m = i686
uname -r = 3.4.33-2.24-default
uname -s = Linux
uname -v = #1 SMP Tue Feb 26 03:34:33 UTC 2013 (5f00a32)

/usr/bin/uname -p = i686
/bin/uname -X     = unknown

/bin/arch              = i686
/usr/bin/arch -k       = unknown
/usr/convex/getsysinfo = unknown
/usr/bin/hostinfo      = unknown
/bin/machine           = unknown
/usr/bin/oslevel       = unknown
/bin/universe          = unknown

PATH: .
PATH: /sbin
PATH: /usr/sbin
PATH: /usr/local/sbin
PATH: /root/bin
PATH: /usr/local/bin
PATH: /usr/bin
PATH: /bin
PATH: /usr/bin/X11
PATH: /usr/X11R6/bin
PATH: /usr/games


## ----------- ##
## Core tests. ##
## ----------- ##

configure:1630: loading site script /usr/share/site/i686-pc-linux-gnu
| #!/bin/sh
| # Site script for configure. It is resourced via $CONFIG_SITE environment varaible.
| 
| # If user did not specify libdir, guess the correct target:
| # Use lib64 for 64 bit bi-arch targets, keep the default for the rest.
| if test "$libdir" = '${exec_prefix}/lib' ; then
| 
| 	ac_config_site_64bit_host=NONE
| 
| 	case "$host" in
| 	"" )
| 		# User did not specify host target.
| 		# The native platform i386 is not a bi-arch platform.
| 		# There is no need to check for compatible sub-architecture.
| 		ac_config_site_64bit_host=NONE
| 
| 		;;
| 	*x86_64* | *ppc64* | *s390x* )
| 		ac_config_site_64bit_host=YES
| 		;;
| 	esac
| 
| 	if test "x$ac_config_site_64bit_host" = xYES; then
| 		libdir='${exec_prefix}/lib64'
| 	fi
| fi
| 
| # If user did not specify libexecdir, set the correct target:
| # Nor FHS nor openSUSE allow prefix/libexec. Let's default to prefix/lib.
| 
| if test "$libexecdir" = '${exec_prefix}/libexec' ; then
| 	libexecdir='${exec_prefix}/lib'
| fi
| 
| # Continue with the standard behavior of configure defined in AC_SITE_LOAD:
| if test "x$prefix" != xNONE; then
| 	ac_site_file1=$prefix/share/config.site
| 	ac_site_file2=$prefix/etc/config.site
| else
| 	ac_site_file1=$ac_default_prefix/share/config.site
| 	ac_site_file2=$ac_default_prefix/etc/config.site
| fi
| for ac_site_file in "$ac_site_file1" "$ac_site_file2"
| do
| 	test "x$ac_site_file" = xNONE && continue
| 	if test /dev/null != "$ac_site_file" && test -r "$ac_site_file"; then
| 		{ $as_echo "/usr/share/site/i686-pc-linux-gnu:${as_lineno-$LINENO}: loading site script $ac_site_file" >&5
| $as_echo "/usr/share/site/i686-pc-linux-gnu: loading site script $ac_site_file" >&6;}
| 		sed 's/^/| /' "$ac_site_file" >&5
| 		. "$ac_site_file" \
| 			|| { { $as_echo "/usr/share/site/i686-pc-linux-gnu:${as_lineno-$LINENO}: error: in \`$ac_pwd':" >&5
| $as_echo "/usr/share/site/i686-pc-linux-gnu: error: in \`$ac_pwd':" >&2;}
| as_fn_error $? "failed to load site script $ac_site_file
| See \`config.log' for more details" "$LINENO" 5; }
| 	fi
| done
configure:1783: checking for a BSD-compatible install
configure:1839: result: /usr/bin/install -c
configure:1850: checking whether build environment is sane
configure:1893: result: yes
configure:1958: checking for gawk
configure:1974: found /usr/bin/gawk
configure:1985: result: gawk
configure:1996: checking whether make sets $(MAKE)
configure:2017: result: yes
configure:2250: checking for gcc
configure:2266: found /usr/bin/gcc
configure:2277: result: gcc
configure:2515: checking for C compiler version
configure:2522: gcc --version >&5
gcc (SUSE Linux) 4.7.1 20120723 [gcc-4_7-branch revision 189773]
Copyright (C) 2012 Free Software Foundation, Inc.
This is free software; see the source for copying conditions.  There is NO
warranty; not even for MERCHANTABILITY or FITNESS FOR A PARTICULAR PURPOSE.

configure:2525: $? = 0
configure:2532: gcc -v >&5
Using built-in specs.
COLLECT_GCC=gcc
COLLECT_LTO_WRAPPER=/usr/lib/gcc/i586-suse-linux/4.7/lto-wrapper
Target: i586-suse-linux
Configured with: ../configure --prefix=/usr --infodir=/usr/share/info --mandir=/usr/share/man --libdir=/usr/lib --libexecdir=/usr/lib --enable-languages=c,c++,objc,fortran,obj-c++,java,ada --enable-checking=release --with-gxx-include-dir=/usr/include/c++/4.7 --enable-ssp --disable-libssp --disable-libitm --disable-plugin --with-bugurl=http://bugs.opensuse.org/ --with-pkgversion='SUSE Linux' --disable-libgcj --disable-libmudflap --with-slibdir=/lib --with-system-zlib --enable-__cxa_atexit --enable-libstdcxx-allocator=new --disable-libstdcxx-pch --enable-version-specific-runtime-libs --enable-linker-build-id --program-suffix=-4.7 --enable-linux-futex --without-system-libunwind --with-arch-32=i586 --with-tune=generic --build=i586-suse-linux
Thread model: posix
gcc version 4.7.1 20120723 [gcc-4_7-branch revision 189773] (SUSE Linux) 
configure:2535: $? = 0
configure:2542: gcc -V >&5
gcc: error: unrecognized command line option '-V'
gcc: fatal error: no input files
compilation terminated.
configure:2545: $? = 1
configure:2568: checking for C compiler default output file name
configure:2595: gcc    conftest.c  >&5
configure:2598: $? = 0
configure:2636: result: a.out
configure:2653: checking whether the C compiler works
configure:2663: ./a.out
configure:2666: $? = 0
configure:2683: result: yes
configure:2690: checking whether we are cross compiling
configure:2692: result: no
configure:2695: checking for suffix of executables
configure:2702: gcc -o conftest    conftest.c  >&5
configure:2705: $? = 0
configure:2729: result: 
configure:2735: checking for suffix of object files
configure:2761: gcc -c   conftest.c >&5
configure:2764: $? = 0
configure:2787: result: o
configure:2791: checking whether we are using the GNU C compiler
configure:2820: gcc -c   conftest.c >&5
configure:2826: $? = 0
configure:2843: result: yes
configure:2848: checking whether gcc accepts -g
configure:2878: gcc -c -g  conftest.c >&5
configure:2884: $? = 0
configure:2983: result: yes
configure:3000: checking for gcc option to accept ISO C89
configure:3074: gcc  -c -g -O2  conftest.c >&5
configure:3080: $? = 0
configure:3103: result: none needed
configure:3132: checking for style of include used by make
configure:3160: result: GNU
configure:3188: checking dependency style of gcc
configure:3278: result: gcc3
configure:3335: checking for mysql_init in -lmysqlclient
configure:3370: gcc -o conftest -g -O2   conftest.c -lmysqlclient   >&5
configure:3376: $? = 0
configure:3394: result: yes
configure:3494: checking for mysql_stmt_prepare in -lmysqlclient
configure:3529: gcc -o conftest -g -O2   conftest.c -lmysqlclient  -lmysqlclient  >&5
configure:3535: $? = 0
configure:3553: result: yes
configure:3565: checking for gzread in -lz
configure:3600: gcc -o conftest -g -O2   conftest.c -lz  -lmysqlclient -lmysqlclient  >&5
configure:3606: $? = 0
configure:3624: result: yes
configure:3637: checking return type of signal handlers
configure:3665: gcc -c -g -O2  conftest.c >&5
conftest.c: In function 'main':
conftest.c:18:1: error: void value not ignored as it ought to be
configure:3671: $? = 1
configure: failed program was:
| /* confdefs.h.  */
| #define PACKAGE_NAME "mysar"
| #define PACKAGE_TARNAME "mysar"
| #define PACKAGE_VERSION "2.1.4"
| #define PACKAGE_STRING "mysar 2.1.4"
| #define PACKAGE_BUGREPORT "cassiano@polaco.pro.br"
| #define PACKAGE "mysar"
| #define VERSION "2.1.4"
| #define HAVE_LIBMYSQLCLIENT 1
| #define HAVE_LIBZ 1
| /* end confdefs.h.  */
| #include <sys/types.h>
| #include <signal.h>
| 
| int
| main ()
| {
| return *(signal (0, 0)) (0) == 1;
|   ;
|   return 0;
| }
configure:3686: result: void
configure:3699: checking how to run the C preprocessor
configure:3739: gcc -E  conftest.c
configure:3745: $? = 0
configure:3776: gcc -E  conftest.c
conftest.c:13:28: fatal error: ac_nonexistent.h: No such file or directory
compilation terminated.
configure:3782: $? = 1
configure: failed program was:
| /* confdefs.h.  */
| #define PACKAGE_NAME "mysar"
| #define PACKAGE_TARNAME "mysar"
| #define PACKAGE_VERSION "2.1.4"
| #define PACKAGE_STRING "mysar 2.1.4"
| #define PACKAGE_BUGREPORT "cassiano@polaco.pro.br"
| #define PACKAGE "mysar"
| #define VERSION "2.1.4"
| #define HAVE_LIBMYSQLCLIENT 1
| #define HAVE_LIBZ 1
| #define RETSIGTYPE void
| /* end confdefs.h.  */
| #include <ac_nonexistent.h>
configure:3815: result: gcc -E
configure:3844: gcc -E  conftest.c
configure:3850: $? = 0
configure:3881: gcc -E  conftest.c
conftest.c:13:28: fatal error: ac_nonexistent.h: No such file or directory
compilation terminated.
configure:3887: $? = 1
configure: failed program was:
| /* confdefs.h.  */
| #define PACKAGE_NAME "mysar"
| #define PACKAGE_TARNAME "mysar"
| #define PACKAGE_VERSION "2.1.4"
| #define PACKAGE_STRING "mysar 2.1.4"
| #define PACKAGE_BUGREPORT "cassiano@polaco.pro.br"
| #define PACKAGE "mysar"
| #define VERSION "2.1.4"
| #define HAVE_LIBMYSQLCLIENT 1
| #define HAVE_LIBZ 1
| #define RETSIGTYPE void
| /* end confdefs.h.  */
| #include <ac_nonexistent.h>
configure:3925: checking for grep that handles long lines and -e
configure:3999: result: /usr/bin/grep
configure:4004: checking for egrep
configure:4082: result: /usr/bin/grep -E
configure:4087: checking for ANSI C header files
configure:4117: gcc -c -g -O2  conftest.c >&5
configure:4123: $? = 0
configure:4222: gcc -o conftest -g -O2   conftest.c -lz -lmysqlclient -lmysqlclient  >&5
configure:4225: $? = 0
configure:4231: ./conftest
configure:4234: $? = 0
configure:4251: result: yes
configure:4275: checking for sys/types.h
configure:4296: gcc -c -g -O2  conftest.c >&5
configure:4302: $? = 0
configure:4318: result: yes
configure:4275: checking for sys/stat.h
configure:4296: gcc -c -g -O2  conftest.c >&5
configure:4302: $? = 0
configure:4318: result: yes
configure:4275: checking for stdlib.h
configure:4296: gcc -c -g -O2  conftest.c >&5
configure:4302: $? = 0
configure:4318: result: yes
configure:4275: checking for string.h
configure:4296: gcc -c -g -O2  conftest.c >&5
configure:4302: $? = 0
configure:4318: result: yes
configure:4275: checking for memory.h
configure:4296: gcc -c -g -O2  conftest.c >&5
configure:4302: $? = 0
configure:4318: result: yes
configure:4275: checking for strings.h
configure:4296: gcc -c -g -O2  conftest.c >&5
configure:4302: $? = 0
configure:4318: result: yes
configure:4275: checking for inttypes.h
configure:4296: gcc -c -g -O2  conftest.c >&5
configure:4302: $? = 0
configure:4318: result: yes
configure:4275: checking for stdint.h
configure:4296: gcc -c -g -O2  conftest.c >&5
configure:4302: $? = 0
configure:4318: result: yes
configure:4275: checking for unistd.h
configure:4296: gcc -c -g -O2  conftest.c >&5
configure:4302: $? = 0
configure:4318: result: yes
configure:4330: checking for working memcmp
configure:4383: gcc -o conftest -g -O2   conftest.c -lz -lmysqlclient -lmysqlclient  >&5
configure:4386: $? = 0
configure:4392: ./conftest
configure:4395: $? = 0
configure:4411: result: yes
configure:4420: checking whether lstat dereferences a symlink specified with a trailing slash
configure:4456: gcc -o conftest -g -O2   conftest.c -lz -lmysqlclient -lmysqlclient  >&5
configure:4459: $? = 0
configure:4465: ./conftest
configure:4468: $? = 0
configure:4491: result: yes
configure:4510: checking whether stat accepts an empty string
configure:4540: gcc -o conftest -g -O2   conftest.c -lz -lmysqlclient -lmysqlclient  >&5
configure:4543: $? = 0
configure:4549: ./conftest
configure:4552: $? = 0
configure:4568: result: no
configure:4586: checking for ANSI C header files
configure:4750: result: yes
configure:4760: checking whether time.h and sys/time.h may both be included
configure:4790: gcc -c -g -O2  conftest.c >&5
configure:4796: $? = 0
configure:4811: result: yes
configure:4857: checking arpa/inet.h usability
configure:4874: gcc -c -g -O2  conftest.c >&5
configure:4880: $? = 0
configure:4894: result: yes
configure:4898: checking arpa/inet.h presence
configure:4913: gcc -E  conftest.c
configure:4919: $? = 0
configure:4933: result: yes
configure:4966: checking for arpa/inet.h
configure:4974: result: yes
configure:4857: checking limits.h usability
configure:4874: gcc -c -g -O2  conftest.c >&5
configure:4880: $? = 0
configure:4894: result: yes
configure:4898: checking limits.h presence
configure:4913: gcc -E  conftest.c
configure:4919: $? = 0
configure:4933: result: yes
configure:4966: checking for limits.h
configure:4974: result: yes
configure:4857: checking netdb.h usability
configure:4874: gcc -c -g -O2  conftest.c >&5
configure:4880: $? = 0
configure:4894: result: yes
configure:4898: checking netdb.h presence
configure:4913: gcc -E  conftest.c
configure:4919: $? = 0
configure:4933: result: yes
configure:4966: checking for netdb.h
configure:4974: result: yes
configure:4857: checking netinet/in.h usability
configure:4874: gcc -c -g -O2  conftest.c >&5
configure:4880: $? = 0
configure:4894: result: yes
configure:4898: checking netinet/in.h presence
configure:4913: gcc -E  conftest.c
configure:4919: $? = 0
configure:4933: result: yes
configure:4966: checking for netinet/in.h
configure:4974: result: yes
configure:4847: checking for stdlib.h
configure:4853: result: yes
configure:4847: checking for string.h
configure:4853: result: yes
configure:4847: checking for strings.h
configure:4853: result: yes
configure:4857: checking sys/socket.h usability
configure:4874: gcc -c -g -O2  conftest.c >&5
configure:4880: $? = 0
configure:4894: result: yes
configure:4898: checking sys/socket.h presence
configure:4913: gcc -E  conftest.c
configure:4919: $? = 0
configure:4933: result: yes
configure:4966: checking for sys/socket.h
configure:4974: result: yes
configure:4857: checking ctype.h usability
configure:4874: gcc -c -g -O2  conftest.c >&5
configure:4880: $? = 0
configure:4894: result: yes
configure:4898: checking ctype.h presence
configure:4913: gcc -E  conftest.c
configure:4919: $? = 0
configure:4933: result: yes
configure:4966: checking for ctype.h
configure:4974: result: yes
configure:4857: checking signal.h usability
configure:4874: gcc -c -g -O2  conftest.c >&5
configure:4880: $? = 0
configure:4894: result: yes
configure:4898: checking signal.h presence
configure:4913: gcc -E  conftest.c
configure:4919: $? = 0
configure:4933: result: yes
configure:4966: checking for signal.h
configure:4974: result: yes
configure:4847: checking for unistd.h
configure:4853: result: yes
configure:4990: checking for mysql/mysql.h
configure:5015: gcc -c -g -O2  conftest.c >&5
configure:5021: $? = 0
configure:5098: result: yes
configure:5221: creating ./config.status

## ---------------------- ##
## Running config.status. ##
## ---------------------- ##

This file was extended by mysar config.status 2.1.4, which was
generated by GNU Autoconf 2.61.  Invocation command line was

  CONFIG_FILES    = 
  CONFIG_HEADERS  = 
  CONFIG_LINKS    = 
  CONFIG_COMMANDS = 
  $ ./config.status 

on gw-cliente-novo

config.status:635: creating Makefile
config.status:635: creating src/Makefile
config.status:635: creating src/config.h
config.status:918: executing depfiles commands
configure:6436: result:

	MySAR 2.1.4 is now configured.

	Source directory:     .
	Installation prefix:  /usr
	Config file prefix:   /etc

	C compiler:           -g -O2

	

## ---------------- ##
## Cache variables. ##
## ---------------- ##

ac_cv_c_compiler_gnu=yes
ac_cv_env_CC_set=
ac_cv_env_CC_value=
ac_cv_env_CFLAGS_set=
ac_cv_env_CFLAGS_value=
ac_cv_env_CPPFLAGS_set=
ac_cv_env_CPPFLAGS_value=
ac_cv_env_CPP_set=
ac_cv_env_CPP_value=
ac_cv_env_LDFLAGS_set=
ac_cv_env_LDFLAGS_value=
ac_cv_env_LIBS_set=
ac_cv_env_LIBS_value=
ac_cv_env_build_alias_set=
ac_cv_env_build_alias_value=
ac_cv_env_host_alias_set=
ac_cv_env_host_alias_value=
ac_cv_env_target_alias_set=
ac_cv_env_target_alias_value=
ac_cv_func_lstat_dereferences_slashed_symlink=yes
ac_cv_func_memcmp_working=yes
ac_cv_func_stat_empty_string_bug=no
ac_cv_header_arpa_inet_h=yes
ac_cv_header_ctype_h=yes
ac_cv_header_inttypes_h=yes
ac_cv_header_limits_h=yes
ac_cv_header_memory_h=yes
ac_cv_header_netdb_h=yes
ac_cv_header_netinet_in_h=yes
ac_cv_header_signal_h=yes
ac_cv_header_stdc=yes
ac_cv_header_stdint_h=yes
ac_cv_header_stdlib_h=yes
ac_cv_header_string_h=yes
ac_cv_header_strings_h=yes
ac_cv_header_sys_socket_h=yes
ac_cv_header_sys_stat_h=yes
ac_cv_header_sys_types_h=yes
ac_cv_header_time=yes
ac_cv_header_unistd_h=yes
ac_cv_lib_mysqlclient_mysql_init=yes
ac_cv_lib_mysqlclient_mysql_stmt_prepare=yes
ac_cv_lib_z_gzread=yes
ac_cv_objext=o
ac_cv_path_EGREP='/usr/bin/grep -E'
ac_cv_path_GREP=/usr/bin/grep
ac_cv_path_install='/usr/bin/install -c'
ac_cv_prog_AWK=gawk
ac_cv_prog_CPP='gcc -E'
ac_cv_prog_ac_ct_CC=gcc
ac_cv_prog_cc_c89=
ac_cv_prog_cc_g=yes
ac_cv_prog_make_make_set=yes
ac_cv_type_signal=void
am_cv_CC_dependencies_compiler_type=gcc3

## ----------------- ##
## Output variables. ##
## ----------------- ##

ACLOCAL='${SHELL} /srv/www/htdocs/mysar/bin/mysar-binary-importer/config/missing --run aclocal-1.9'
AMDEPBACKSLASH='\'
AMDEP_FALSE='#'
AMDEP_TRUE=''
AMTAR='${SHELL} /srv/www/htdocs/mysar/bin/mysar-binary-importer/config/missing --run tar'
AUTOCONF='${SHELL} /srv/www/htdocs/mysar/bin/mysar-binary-importer/config/missing --run autoconf'
AUTOHEADER='${SHELL} /srv/www/htdocs/mysar/bin/mysar-binary-importer/config/missing --run autoheader'
AUTOMAKE='${SHELL} /srv/www/htdocs/mysar/bin/mysar-binary-importer/config/missing --run automake-1.9'
AWK='gawk'
CC='gcc'
CCDEPMODE='depmode=gcc3'
CFLAGS='-g -O2'
CPP='gcc -E'
CPPFLAGS=''
CXXFLAGS=''
CYGPATH_W='echo'
DEFS='-DHAVE_CONFIG_H'
DEPDIR='.deps'
ECHO_C=''
ECHO_N='-n'
ECHO_T=''
EGREP='/usr/bin/grep -E'
EXEEXT=''
GREP='/usr/bin/grep'
INSTALL_DATA='${INSTALL} -m 644'
INSTALL_PROGRAM='${INSTALL}'
INSTALL_SCRIPT='${INSTALL}'
INSTALL_STRIP_PROGRAM='${SHELL} $(install_sh) -c -s'
LDFLAGS=''
LIBOBJS=''
LIBS='-lz -lmysqlclient -lmysqlclient '
LTLIBOBJS=''
MAKEINFO='${SHELL} /srv/www/htdocs/mysar/bin/mysar-binary-importer/config/missing --run makeinfo'
OBJEXT='o'
PACKAGE='mysar'
PACKAGE_BUGREPORT='cassiano@polaco.pro.br'
PACKAGE_NAME='mysar'
PACKAGE_STRING='mysar 2.1.4'
PACKAGE_TARNAME='mysar'
PACKAGE_VERSION='2.1.4'
PATH_SEPARATOR=':'
SET_MAKE=''
SHELL='/bin/sh'
STRIP=''
VERSION='2.1.4'
ac_ct_CC='gcc'
am__fastdepCC_FALSE='#'
am__fastdepCC_TRUE=''
am__include='include'
am__leading_dot='.'
am__quote=''
am__tar='${AMTAR} chof - "$$tardir"'
am__untar='${AMTAR} xf -'
bindir='${exec_prefix}/bin'
build_alias=''
datadir='${datarootdir}'
datarootdir='${prefix}/share'
docdir='${datarootdir}/doc/${PACKAGE_TARNAME}'
dvidir='${docdir}'
exec_prefix='${prefix}'
host_alias=''
htmldir='${docdir}'
includedir='${prefix}/include'
infodir='${datarootdir}/info'
install_sh='/srv/www/htdocs/mysar/bin/mysar-binary-importer/config/install-sh'
libdir='${exec_prefix}/lib'
libexecdir='${exec_prefix}/lib'
localedir='${datarootdir}/locale'
localstatedir='${prefix}/var'
mandir='${datarootdir}/man'
mkdir_p='mkdir -p --'
oldincludedir='/usr/include'
pdfdir='${docdir}'
prefix='/usr'
program_transform_name='s,x,x,'
psdir='${docdir}'
sbindir='${exec_prefix}/sbin'
sharedstatedir='${prefix}/com'
sysconfdir='/etc'
target_alias=''

## ----------- ##
## confdefs.h. ##
## ----------- ##

#define PACKAGE_NAME "mysar"
#define PACKAGE_TARNAME "mysar"
#define PACKAGE_VERSION "2.1.4"
#define PACKAGE_STRING "mysar 2.1.4"
#define PACKAGE_BUGREPORT "cassiano@polaco.pro.br"
#define PACKAGE "mysar"
#define VERSION "2.1.4"
#define HAVE_LIBMYSQLCLIENT 1
#define HAVE_LIBZ 1
#define RETSIGTYPE void
#define STDC_HEADERS 1
#define HAVE_SYS_TYPES_H 1
#define HAVE_SYS_STAT_H 1
#define HAVE_STDLIB_H 1
#define HAVE_STRING_H 1
#define HAVE_MEMORY_H 1
#define HAVE_STRINGS_H 1
#define HAVE_INTTYPES_H 1
#define HAVE_STDINT_H 1
#define HAVE_UNISTD_H 1
#define LSTAT_FOLLOWS_SLASHED_SYMLINK 1
#define STDC_HEADERS 1
#define TIME_WITH_SYS_TIME 1
#define HAVE_ARPA_INET_H 1
#define HAVE_LIMITS_H 1
#define HAVE_NETDB_H 1
#define HAVE_NETINET_IN_H 1
#define HAVE_STDLIB_H 1
#define HAVE_STRING_H 1
#define HAVE_STRINGS_H 1
#define HAVE_SYS_SOCKET_H 1
#define HAVE_CTYPE_H 1
#define HAVE_SIGNAL_H 1
#define HAVE_UNISTD_H 1

configure: exit 0
